{
"contracts/NftMarketplace.sol":{"l":{"49":13,"50":13,"51":1,"53":12,"61":17,"62":17,"63":17,"64":3,"66":14,"69":9,"70":9,"71":3,"73":6,"88":11,"89":0,"92":11,"93":11,"94":1,"96":10,"97":10,"104":3,"105":3,"106":1,"108":2,"109":2,"110":2,"112":2,"119":1,"120":1,"128":1,"129":1,"133":2,"134":2,"135":1,"137":1,"138":1,"139":1,"140":0,"152":3,"156":2},"path":"/home/tobez/hardhat-nftmarketplace/contracts/NftMarketplace.sol","s":{"1":13,"2":13,"3":17,"4":17,"5":17,"6":9,"7":9,"8":11,"9":11,"10":11,"11":10,"12":3,"13":3,"14":2,"15":2,"16":1,"17":1,"18":2,"19":2,"20":1,"21":1,"22":3,"23":2},"b":{"1":[1,12],"2":[3,14],"3":[3,6],"4":[12,1],"5":[11,1],"6":[0,11],"7":[1,10],"8":[4,0],"9":[3,1],"10":[1,2],"11":[2,1],"12":[1,1],"13":[2,1],"14":[1,1],"15":[1,1],"16":[0,1]},"f":{"1":13,"2":17,"3":9,"4":11,"5":3,"6":1,"7":1,"8":2,"9":3,"10":2},"fnMap":{"1":{"name":"notListed","line":43,"loc":{"start":{"line":43,"column":4},"end":{"line":54,"column":4}}},"2":{"name":"isOwner","line":56,"loc":{"start":{"line":56,"column":4},"end":{"line":67,"column":4}}},"3":{"name":"isListed","line":68,"loc":{"start":{"line":68,"column":4},"end":{"line":74,"column":4}}},"4":{"name":"listItem","line":87,"loc":{"start":{"line":83,"column":4},"end":{"line":98,"column":4}}},"5":{"name":"buyItem","line":103,"loc":{"start":{"line":100,"column":4},"end":{"line":113,"column":4}}},"6":{"name":"cancelListing","line":118,"loc":{"start":{"line":115,"column":4},"end":{"line":121,"column":4}}},"7":{"name":"updateListing","line":127,"loc":{"start":{"line":123,"column":4},"end":{"line":130,"column":4}}},"8":{"name":"withdrawProceeds","line":132,"loc":{"start":{"line":132,"column":4},"end":{"line":142,"column":4}}},"9":{"name":"getListing","line":148,"loc":{"start":{"line":148,"column":4},"end":{"line":153,"column":4}}},"10":{"name":"getProceeds","line":155,"loc":{"start":{"line":155,"column":4},"end":{"line":157,"column":4}}}},"statementMap":{"1":{"start":{"line":49,"column":8},"end":{"line":49,"column":63}},"2":{"start":{"line":50,"column":8},"end":{"line":50,"column":1743}},"3":{"start":{"line":61,"column":8},"end":{"line":61,"column":41}},"4":{"start":{"line":62,"column":8},"end":{"line":62,"column":44}},"5":{"start":{"line":63,"column":8},"end":{"line":63,"column":2071}},"6":{"start":{"line":69,"column":8},"end":{"line":69,"column":63}},"7":{"start":{"line":70,"column":8},"end":{"line":70,"column":2303}},"8":{"start":{"line":88,"column":8},"end":{"line":88,"column":2750}},"9":{"start":{"line":92,"column":8},"end":{"line":92,"column":41}},"10":{"start":{"line":93,"column":8},"end":{"line":93,"column":3052}},"11":{"start":{"line":97,"column":8},"end":{"line":97,"column":63}},"12":{"start":{"line":104,"column":8},"end":{"line":104,"column":66}},"13":{"start":{"line":105,"column":8},"end":{"line":105,"column":3534}},"14":{"start":{"line":110,"column":8},"end":{"line":110,"column":83}},"15":{"start":{"line":112,"column":8},"end":{"line":112,"column":74}},"16":{"start":{"line":120,"column":8},"end":{"line":120,"column":58}},"17":{"start":{"line":129,"column":8},"end":{"line":129,"column":66}},"18":{"start":{"line":133,"column":8},"end":{"line":133,"column":49}},"19":{"start":{"line":134,"column":8},"end":{"line":134,"column":4733}},"20":{"start":{"line":138,"column":8},"end":{"line":138,"column":72}},"21":{"start":{"line":139,"column":8},"end":{"line":139,"column":4931}},"22":{"start":{"line":152,"column":8},"end":{"line":152,"column":45}},"23":{"start":{"line":156,"column":8},"end":{"line":156,"column":33}}},"branchMap":{"1":{"line":50,"type":"if","locations":[{"start":{"line":50,"column":8},"end":{"line":50,"column":8}},{"start":{"line":50,"column":8},"end":{"line":50,"column":8}}]},"2":{"line":63,"type":"if","locations":[{"start":{"line":63,"column":8},"end":{"line":63,"column":8}},{"start":{"line":63,"column":8},"end":{"line":63,"column":8}}]},"3":{"line":70,"type":"if","locations":[{"start":{"line":70,"column":8},"end":{"line":70,"column":8}},{"start":{"line":70,"column":8},"end":{"line":70,"column":8}}]},"4":{"line":87,"type":"if","locations":[{"start":{"line":87,"column":15},"end":{"line":87,"column":15}},{"start":{"line":87,"column":15},"end":{"line":87,"column":15}}]},"5":{"line":87,"type":"if","locations":[{"start":{"line":87,"column":58},"end":{"line":87,"column":58}},{"start":{"line":87,"column":58},"end":{"line":87,"column":58}}]},"6":{"line":88,"type":"if","locations":[{"start":{"line":88,"column":8},"end":{"line":88,"column":8}},{"start":{"line":88,"column":8},"end":{"line":88,"column":8}}]},"7":{"line":93,"type":"if","locations":[{"start":{"line":93,"column":8},"end":{"line":93,"column":8}},{"start":{"line":93,"column":8},"end":{"line":93,"column":8}}]},"8":{"line":103,"type":"if","locations":[{"start":{"line":103,"column":23},"end":{"line":103,"column":23}},{"start":{"line":103,"column":23},"end":{"line":103,"column":23}}]},"9":{"line":103,"type":"if","locations":[{"start":{"line":103,"column":36},"end":{"line":103,"column":36}},{"start":{"line":103,"column":36},"end":{"line":103,"column":36}}]},"10":{"line":105,"type":"if","locations":[{"start":{"line":105,"column":8},"end":{"line":105,"column":8}},{"start":{"line":105,"column":8},"end":{"line":105,"column":8}}]},"11":{"line":118,"type":"if","locations":[{"start":{"line":118,"column":15},"end":{"line":118,"column":15}},{"start":{"line":118,"column":15},"end":{"line":118,"column":15}}]},"12":{"line":118,"type":"if","locations":[{"start":{"line":118,"column":56},"end":{"line":118,"column":56}},{"start":{"line":118,"column":56},"end":{"line":118,"column":56}}]},"13":{"line":127,"type":"if","locations":[{"start":{"line":127,"column":15},"end":{"line":127,"column":15}},{"start":{"line":127,"column":15},"end":{"line":127,"column":15}}]},"14":{"line":127,"type":"if","locations":[{"start":{"line":127,"column":45},"end":{"line":127,"column":45}},{"start":{"line":127,"column":45},"end":{"line":127,"column":45}}]},"15":{"line":134,"type":"if","locations":[{"start":{"line":134,"column":8},"end":{"line":134,"column":8}},{"start":{"line":134,"column":8},"end":{"line":134,"column":8}}]},"16":{"line":139,"type":"if","locations":[{"start":{"line":139,"column":8},"end":{"line":139,"column":8}},{"start":{"line":139,"column":8},"end":{"line":139,"column":8}}]}}},
"contracts/test/BasicNft.sol":{"l":{"14":3,"18":15,"19":15,"20":15,"24":0,"25":0,"29":0},"path":"/home/tobez/hardhat-nftmarketplace/contracts/test/BasicNft.sol","s":{"1":15,"2":15,"3":0,"4":0,"5":0},"b":{"1":[0,0]},"f":{"1":3,"2":15,"3":0,"4":0},"fnMap":{"1":{"name":"constructor","line":13,"loc":{"start":{"line":13,"column":4},"end":{"line":15,"column":4}}},"2":{"name":"mintNft","line":17,"loc":{"start":{"line":17,"column":4},"end":{"line":21,"column":4}}},"3":{"name":"tokenURI","line":23,"loc":{"start":{"line":23,"column":4},"end":{"line":26,"column":4}}},"4":{"name":"getTokenCounter","line":28,"loc":{"start":{"line":28,"column":4},"end":{"line":30,"column":4}}}},"statementMap":{"1":{"start":{"line":18,"column":8},"end":{"line":18,"column":44}},"2":{"start":{"line":19,"column":8},"end":{"line":19,"column":38}},"3":{"start":{"line":24,"column":8},"end":{"line":24,"column":83}},"4":{"start":{"line":25,"column":8},"end":{"line":25,"column":24}},"5":{"start":{"line":29,"column":8},"end":{"line":29,"column":29}}},"branchMap":{"1":{"line":24,"type":"if","locations":[{"start":{"line":24,"column":8},"end":{"line":24,"column":8}},{"start":{"line":24,"column":8},"end":{"line":24,"column":8}}]}}}}
