TN:
SF:/home/tobez/hardhat-nftmarketplace/contracts/NftMarketplace.sol
FN:43,notListed
FN:56,isOwner
FN:68,isListed
FN:87,listItem
FN:103,buyItem
FN:118,cancelListing
FN:127,updateListing
FN:132,withdrawProceeds
FN:148,getListing
FN:155,getProceeds
FNF:10
FNH:10
FNDA:13,notListed
FNDA:17,isOwner
FNDA:9,isListed
FNDA:11,listItem
FNDA:3,buyItem
FNDA:1,cancelListing
FNDA:1,updateListing
FNDA:2,withdrawProceeds
FNDA:3,getListing
FNDA:2,getProceeds
DA:49,13
DA:50,13
DA:51,1
DA:53,12
DA:61,17
DA:62,17
DA:63,17
DA:64,3
DA:66,14
DA:69,9
DA:70,9
DA:71,3
DA:73,6
DA:88,11
DA:89,0
DA:92,11
DA:93,11
DA:94,1
DA:96,10
DA:97,10
DA:104,3
DA:105,3
DA:106,1
DA:108,2
DA:109,2
DA:110,2
DA:112,2
DA:119,1
DA:120,1
DA:128,1
DA:129,1
DA:133,2
DA:134,2
DA:135,1
DA:137,1
DA:138,1
DA:139,1
DA:140,0
DA:152,3
DA:156,2
LF:40
LH:38
BRDA:50,1,0,1
BRDA:50,1,1,12
BRDA:63,2,0,3
BRDA:63,2,1,14
BRDA:70,3,0,3
BRDA:70,3,1,6
BRDA:87,4,0,12
BRDA:87,4,1,1
BRDA:87,5,0,11
BRDA:87,5,1,1
BRDA:88,6,0,0
BRDA:88,6,1,11
BRDA:93,7,0,1
BRDA:93,7,1,10
BRDA:103,8,0,4
BRDA:103,8,1,0
BRDA:103,9,0,3
BRDA:103,9,1,1
BRDA:105,10,0,1
BRDA:105,10,1,2
BRDA:118,11,0,2
BRDA:118,11,1,1
BRDA:118,12,0,1
BRDA:118,12,1,1
BRDA:127,13,0,2
BRDA:127,13,1,1
BRDA:127,14,0,1
BRDA:127,14,1,1
BRDA:134,15,0,1
BRDA:134,15,1,1
BRDA:139,16,0,0
BRDA:139,16,1,1
BRF:32
BRH:29
end_of_record
TN:
SF:/home/tobez/hardhat-nftmarketplace/contracts/test/BasicNft.sol
FN:13,constructor
FN:17,mintNft
FN:23,tokenURI
FN:28,getTokenCounter
FNF:4
FNH:2
FNDA:3,constructor
FNDA:15,mintNft
FNDA:0,tokenURI
FNDA:0,getTokenCounter
DA:14,3
DA:18,15
DA:19,15
DA:20,15
DA:24,0
DA:25,0
DA:29,0
LF:7
LH:4
BRDA:24,1,0,0
BRDA:24,1,1,0
BRF:2
BRH:0
end_of_record
